<?xml version="1.0" encoding="UTF-8"?>
<testng-results skipped="0" failed="0" total="1" passed="1">
  <reporter-output>
  </reporter-output>
  <suite name="Default suite" duration-ms="23476" started-at="2019-11-20T09:15:30Z" finished-at="2019-11-20T09:15:53Z">
    <groups>
    </groups>
    <test name="Default test" duration-ms="23476" started-at="2019-11-20T09:15:30Z" finished-at="2019-11-20T09:15:53Z">
      <class name="POM.NewTest1">
        <test-method status="PASS" signature="f()[pri:0, instance:POM.NewTest1@6e3c1e69]" name="f" duration-ms="23458" started-at="2019-11-20T14:45:30Z" finished-at="2019-11-20T14:45:53Z">
          <reporter-output>
          </reporter-output>
        </test-method> <!-- f -->
      </class> <!-- POM.NewTest1 -->
    </test> <!-- Default test -->
  </suite> <!-- Default suite -->
</testng-results>
